{"/Users/rahmadamri/Desktop/hacktiv8/phase2/IP-RahmadAmri/server/app.js": {"path":"/Users/rahmadamri/Desktop/hacktiv8/phase2/IP-RahmadAmri/server/app.js","statementMap":{"0":{"start":{"line":1,"column":0},"end":{"line":3,"column":1}},"1":{"start":{"line":2,"column":2},"end":{"line":2,"column":29}},"2":{"start":{"line":4,"column":16},"end":{"line":4,"column":34}},"3":{"start":{"line":5,"column":12},"end":{"line":5,"column":21}},"4":{"start":{"line":6,"column":13},"end":{"line":6,"column":37}},"5":{"start":{"line":7,"column":19},"end":{"line":7,"column":54}},"6":{"start":{"line":8,"column":18},"end":{"line":8,"column":41}},"7":{"start":{"line":9,"column":13},"end":{"line":9,"column":28}},"8":{"start":{"line":10,"column":23},"end":{"line":10,"column":62}},"9":{"start":{"line":11,"column":23},"end":{"line":11,"column":52}},"10":{"start":{"line":12,"column":0},"end":{"line":12,"column":48}},"11":{"start":{"line":13,"column":0},"end":{"line":13,"column":24}},"12":{"start":{"line":14,"column":0},"end":{"line":19,"column":2}},"13":{"start":{"line":21,"column":0},"end":{"line":21,"column":46}},"14":{"start":{"line":22,"column":0},"end":{"line":22,"column":52}},"15":{"start":{"line":23,"column":0},"end":{"line":23,"column":27}},"16":{"start":{"line":24,"column":0},"end":{"line":24,"column":54}},"17":{"start":{"line":26,"column":0},"end":{"line":26,"column":56}},"18":{"start":{"line":27,"column":0},"end":{"line":27,"column":68}},"19":{"start":{"line":28,"column":0},"end":{"line":28,"column":71}},"20":{"start":{"line":29,"column":0},"end":{"line":29,"column":55}},"21":{"start":{"line":30,"column":0},"end":{"line":30,"column":58}},"22":{"start":{"line":31,"column":0},"end":{"line":31,"column":77}},"23":{"start":{"line":33,"column":28},"end":{"line":33,"column":59}},"24":{"start":{"line":34,"column":24},"end":{"line":34,"column":43}},"25":{"start":{"line":37,"column":20},"end":{"line":39,"column":4}},"26":{"start":{"line":40,"column":2},"end":{"line":52,"column":6}},"27":{"start":{"line":46,"column":24},"end":{"line":46,"column":73}},"28":{"start":{"line":55,"column":0},"end":{"line":76,"column":3}},"29":{"start":{"line":56,"column":18},"end":{"line":56,"column":37}},"30":{"start":{"line":57,"column":2},"end":{"line":57,"column":49}},"31":{"start":{"line":59,"column":21},"end":{"line":59,"column":51}},"32":{"start":{"line":61,"column":23},"end":{"line":61,"column":45}},"33":{"start":{"line":63,"column":2},"end":{"line":63,"column":43}},"34":{"start":{"line":65,"column":16},"end":{"line":69,"column":4}},"35":{"start":{"line":71,"column":2},"end":{"line":75,"column":5}},"36":{"start":{"line":78,"column":0},"end":{"line":80,"column":3}},"37":{"start":{"line":79,"column":2},"end":{"line":79,"column":55}},"38":{"start":{"line":82,"column":0},"end":{"line":82,"column":21}}},"fnMap":{"0":{"name":"buildPrompt","decl":{"start":{"line":36,"column":15},"end":{"line":36,"column":26}},"loc":{"start":{"line":36,"column":29},"end":{"line":53,"column":1}},"line":36},"1":{"name":"(anonymous_1)","decl":{"start":{"line":46,"column":11},"end":{"line":46,"column":12}},"loc":{"start":{"line":46,"column":24},"end":{"line":46,"column":73}},"line":46},"2":{"name":"(anonymous_2)","decl":{"start":{"line":55,"column":19},"end":{"line":55,"column":20}},"loc":{"start":{"line":55,"column":39},"end":{"line":76,"column":1}},"line":55},"3":{"name":"(anonymous_3)","decl":{"start":{"line":78,"column":17},"end":{"line":78,"column":18}},"loc":{"start":{"line":78,"column":23},"end":{"line":80,"column":1}},"line":78}},"branchMap":{"0":{"loc":{"start":{"line":1,"column":0},"end":{"line":3,"column":1}},"type":"if","locations":[{"start":{"line":1,"column":0},"end":{"line":3,"column":1}},{"start":{},"end":{}}],"line":1},"1":{"loc":{"start":{"line":6,"column":13},"end":{"line":6,"column":37}},"type":"binary-expr","locations":[{"start":{"line":6,"column":13},"end":{"line":6,"column":29}},{"start":{"line":6,"column":33},"end":{"line":6,"column":37}}],"line":6}},"s":{"0":6,"1":6,"2":6,"3":6,"4":6,"5":6,"6":6,"7":6,"8":6,"9":6,"10":6,"11":6,"12":6,"13":6,"14":6,"15":6,"16":6,"17":6,"18":6,"19":6,"20":6,"21":6,"22":6,"23":6,"24":6,"25":1,"26":1,"27":0,"28":6,"29":1,"30":1,"31":1,"32":1,"33":1,"34":1,"35":1,"36":6,"37":6,"38":6},"f":{"0":1,"1":0,"2":1,"3":6},"b":{"0":[6,0],"1":[6,6]},"_coverageSchema":"1a1c01bbd47fc00a2c39e90264f33305004495a9","hash":"774077163baf62ab616a3c04950db62366cf19bd"}
,"/Users/rahmadamri/Desktop/hacktiv8/phase2/IP-RahmadAmri/server/controllers/authController.js": {"path":"/Users/rahmadamri/Desktop/hacktiv8/phase2/IP-RahmadAmri/server/controllers/authController.js","statementMap":{"0":{"start":{"line":1,"column":46},"end":{"line":1,"column":74}},"1":{"start":{"line":2,"column":17},"end":{"line":2,"column":43}},"2":{"start":{"line":3,"column":26},"end":{"line":3,"column":51}},"3":{"start":{"line":4,"column":25},"end":{"line":4,"column":55}},"4":{"start":{"line":5,"column":14},"end":{"line":5,"column":30}},"5":{"start":{"line":7,"column":15},"end":{"line":7,"column":61}},"6":{"start":{"line":9,"column":0},"end":{"line":146,"column":2}},"7":{"start":{"line":11,"column":4},"end":{"line":25,"column":5}},"8":{"start":{"line":12,"column":6},"end":{"line":12,"column":45}},"9":{"start":{"line":14,"column":19},"end":{"line":18,"column":8}},"10":{"start":{"line":19,"column":6},"end":{"line":22,"column":9}},"11":{"start":{"line":24,"column":6},"end":{"line":24,"column":18}},"12":{"start":{"line":29,"column":4},"end":{"line":85,"column":5}},"13":{"start":{"line":30,"column":34},"end":{"line":30,"column":42}},"14":{"start":{"line":32,"column":6},"end":{"line":37,"column":7}},"15":{"start":{"line":33,"column":8},"end":{"line":36,"column":10}},"16":{"start":{"line":39,"column":6},"end":{"line":44,"column":7}},"17":{"start":{"line":40,"column":8},"end":{"line":43,"column":10}},"18":{"start":{"line":46,"column":19},"end":{"line":50,"column":8}},"19":{"start":{"line":51,"column":6},"end":{"line":51,"column":39}},"20":{"start":{"line":53,"column":6},"end":{"line":58,"column":7}},"21":{"start":{"line":54,"column":8},"end":{"line":57,"column":10}},"22":{"start":{"line":60,"column":32},"end":{"line":60,"column":72}},"23":{"start":{"line":62,"column":6},"end":{"line":67,"column":7}},"24":{"start":{"line":63,"column":8},"end":{"line":66,"column":10}},"25":{"start":{"line":69,"column":22},"end":{"line":73,"column":7}},"26":{"start":{"line":75,"column":20},"end":{"line":75,"column":42}},"27":{"start":{"line":77,"column":6},"end":{"line":82,"column":9}},"28":{"start":{"line":84,"column":6},"end":{"line":84,"column":18}},"29":{"start":{"line":89,"column":4},"end":{"line":144,"column":5}},"30":{"start":{"line":90,"column":31},"end":{"line":90,"column":39}},"31":{"start":{"line":92,"column":6},"end":{"line":96,"column":7}},"32":{"start":{"line":93,"column":8},"end":{"line":95,"column":11}},"33":{"start":{"line":98,"column":6},"end":{"line":138,"column":7}},"34":{"start":{"line":99,"column":25},"end":{"line":106,"column":9}},"35":{"start":{"line":108,"column":32},"end":{"line":108,"column":45}},"36":{"start":{"line":110,"column":32},"end":{"line":119,"column":10}},"37":{"start":{"line":121,"column":22},"end":{"line":125,"column":10}},"38":{"start":{"line":127,"column":8},"end":{"line":132,"column":11}},"39":{"start":{"line":134,"column":8},"end":{"line":134,"column":64}},"40":{"start":{"line":135,"column":8},"end":{"line":137,"column":11}},"41":{"start":{"line":140,"column":6},"end":{"line":140,"column":50}},"42":{"start":{"line":141,"column":6},"end":{"line":143,"column":9}}},"fnMap":{"0":{"name":"(anonymous_0)","decl":{"start":{"line":10,"column":2},"end":{"line":10,"column":3}},"loc":{"start":{"line":10,"column":40},"end":{"line":26,"column":3}},"line":10},"1":{"name":"(anonymous_1)","decl":{"start":{"line":28,"column":2},"end":{"line":28,"column":3}},"loc":{"start":{"line":28,"column":37},"end":{"line":86,"column":3}},"line":28},"2":{"name":"(anonymous_2)","decl":{"start":{"line":88,"column":2},"end":{"line":88,"column":3}},"loc":{"start":{"line":88,"column":43},"end":{"line":145,"column":3}},"line":88}},"branchMap":{"0":{"loc":{"start":{"line":32,"column":6},"end":{"line":37,"column":7}},"type":"if","locations":[{"start":{"line":32,"column":6},"end":{"line":37,"column":7}},{"start":{},"end":{}}],"line":32},"1":{"loc":{"start":{"line":39,"column":6},"end":{"line":44,"column":7}},"type":"if","locations":[{"start":{"line":39,"column":6},"end":{"line":44,"column":7}},{"start":{},"end":{}}],"line":39},"2":{"loc":{"start":{"line":53,"column":6},"end":{"line":58,"column":7}},"type":"if","locations":[{"start":{"line":53,"column":6},"end":{"line":58,"column":7}},{"start":{},"end":{}}],"line":53},"3":{"loc":{"start":{"line":62,"column":6},"end":{"line":67,"column":7}},"type":"if","locations":[{"start":{"line":62,"column":6},"end":{"line":67,"column":7}},{"start":{},"end":{}}],"line":62},"4":{"loc":{"start":{"line":92,"column":6},"end":{"line":96,"column":7}},"type":"if","locations":[{"start":{"line":92,"column":6},"end":{"line":96,"column":7}},{"start":{},"end":{}}],"line":92},"5":{"loc":{"start":{"line":113,"column":22},"end":{"line":113,"column":49}},"type":"binary-expr","locations":[{"start":{"line":113,"column":22},"end":{"line":113,"column":26}},{"start":{"line":113,"column":30},"end":{"line":113,"column":49}}],"line":113}},"s":{"0":6,"1":6,"2":6,"3":6,"4":6,"5":6,"6":6,"7":5,"8":5,"9":5,"10":4,"11":1,"12":11,"13":11,"14":11,"15":2,"16":9,"17":2,"18":7,"19":6,"20":6,"21":3,"22":3,"23":3,"24":1,"25":2,"26":2,"27":2,"28":9,"29":8,"30":8,"31":8,"32":2,"33":6,"34":6,"35":4,"36":4,"37":3,"38":3,"39":3,"40":3,"41":0,"42":0},"f":{"0":5,"1":11,"2":8},"b":{"0":[2,9],"1":[2,7],"2":[3,3],"3":[1,2],"4":[2,6],"5":[4,0]},"_coverageSchema":"1a1c01bbd47fc00a2c39e90264f33305004495a9","hash":"619575e78e9bd17038025288a9ba243088131266"}
,"/Users/rahmadamri/Desktop/hacktiv8/phase2/IP-RahmadAmri/server/controllers/controller.js": {"path":"/Users/rahmadamri/Desktop/hacktiv8/phase2/IP-RahmadAmri/server/controllers/controller.js","statementMap":{"0":{"start":{"line":1,"column":46},"end":{"line":1,"column":72}},"1":{"start":{"line":5,"column":4},"end":{"line":19,"column":5}},"2":{"start":{"line":6,"column":19},"end":{"line":14,"column":8}},"3":{"start":{"line":16,"column":6},"end":{"line":16,"column":33}},"4":{"start":{"line":18,"column":6},"end":{"line":18,"column":18}},"5":{"start":{"line":23,"column":4},"end":{"line":32,"column":5}},"6":{"start":{"line":24,"column":25},"end":{"line":24,"column":35}},"7":{"start":{"line":25,"column":26},"end":{"line":28,"column":8}},"8":{"start":{"line":29,"column":6},"end":{"line":29,"column":40}},"9":{"start":{"line":31,"column":6},"end":{"line":31,"column":18}},"10":{"start":{"line":35,"column":4},"end":{"line":57,"column":5}},"11":{"start":{"line":36,"column":25},"end":{"line":36,"column":35}},"12":{"start":{"line":37,"column":47},"end":{"line":37,"column":55}},"13":{"start":{"line":39,"column":24},"end":{"line":42,"column":7}},"14":{"start":{"line":44,"column":6},"end":{"line":54,"column":7}},"15":{"start":{"line":45,"column":34},"end":{"line":47,"column":10}},"16":{"start":{"line":48,"column":8},"end":{"line":51,"column":11}},"17":{"start":{"line":53,"column":8},"end":{"line":53,"column":72}},"18":{"start":{"line":56,"column":6},"end":{"line":56,"column":18}},"19":{"start":{"line":60,"column":4},"end":{"line":88,"column":5}},"20":{"start":{"line":62,"column":8},"end":{"line":62,"column":16}},"21":{"start":{"line":63,"column":21},"end":{"line":70,"column":8}},"22":{"start":{"line":72,"column":26},"end":{"line":80,"column":8}},"23":{"start":{"line":82,"column":6},"end":{"line":85,"column":9}},"24":{"start":{"line":87,"column":6},"end":{"line":87,"column":18}},"25":{"start":{"line":91,"column":4},"end":{"line":108,"column":5}},"26":{"start":{"line":92,"column":21},"end":{"line":92,"column":31}},"27":{"start":{"line":93,"column":22},"end":{"line":95,"column":8}},"28":{"start":{"line":96,"column":22},"end":{"line":96,"column":66}},"29":{"start":{"line":97,"column":6},"end":{"line":105,"column":7}},"30":{"start":{"line":98,"column":8},"end":{"line":102,"column":11}},"31":{"start":{"line":104,"column":8},"end":{"line":104,"column":68}},"32":{"start":{"line":107,"column":6},"end":{"line":107,"column":18}},"33":{"start":{"line":111,"column":4},"end":{"line":143,"column":5}},"34":{"start":{"line":112,"column":21},"end":{"line":112,"column":31}},"35":{"start":{"line":113,"column":86},"end":{"line":113,"column":94}},"36":{"start":{"line":115,"column":18},"end":{"line":115,"column":48}},"37":{"start":{"line":117,"column":6},"end":{"line":119,"column":7}},"38":{"start":{"line":118,"column":8},"end":{"line":118,"column":75}},"39":{"start":{"line":121,"column":6},"end":{"line":128,"column":9}},"40":{"start":{"line":130,"column":25},"end":{"line":135,"column":8}},"41":{"start":{"line":137,"column":6},"end":{"line":140,"column":9}},"42":{"start":{"line":142,"column":6},"end":{"line":142,"column":18}},"43":{"start":{"line":147,"column":0},"end":{"line":147,"column":28}}},"fnMap":{"0":{"name":"(anonymous_0)","decl":{"start":{"line":4,"column":2},"end":{"line":4,"column":3}},"loc":{"start":{"line":4,"column":46},"end":{"line":20,"column":3}},"line":4},"1":{"name":"(anonymous_1)","decl":{"start":{"line":22,"column":2},"end":{"line":22,"column":3}},"loc":{"start":{"line":22,"column":50},"end":{"line":33,"column":3}},"line":22},"2":{"name":"(anonymous_2)","decl":{"start":{"line":34,"column":2},"end":{"line":34,"column":3}},"loc":{"start":{"line":34,"column":53},"end":{"line":58,"column":3}},"line":34},"3":{"name":"(anonymous_3)","decl":{"start":{"line":59,"column":2},"end":{"line":59,"column":3}},"loc":{"start":{"line":59,"column":49},"end":{"line":89,"column":3}},"line":59},"4":{"name":"(anonymous_4)","decl":{"start":{"line":90,"column":2},"end":{"line":90,"column":3}},"loc":{"start":{"line":90,"column":49},"end":{"line":109,"column":3}},"line":90},"5":{"name":"(anonymous_5)","decl":{"start":{"line":110,"column":2},"end":{"line":110,"column":3}},"loc":{"start":{"line":110,"column":49},"end":{"line":144,"column":3}},"line":110}},"branchMap":{"0":{"loc":{"start":{"line":44,"column":6},"end":{"line":54,"column":7}},"type":"if","locations":[{"start":{"line":44,"column":6},"end":{"line":54,"column":7}},{"start":{"line":52,"column":13},"end":{"line":54,"column":7}}],"line":44},"1":{"loc":{"start":{"line":97,"column":6},"end":{"line":105,"column":7}},"type":"if","locations":[{"start":{"line":97,"column":6},"end":{"line":105,"column":7}},{"start":{"line":103,"column":13},"end":{"line":105,"column":7}}],"line":97},"2":{"loc":{"start":{"line":100,"column":12},"end":{"line":100,"column":47}},"type":"cond-expr","locations":[{"start":{"line":100,"column":22},"end":{"line":100,"column":35}},{"start":{"line":100,"column":38},"end":{"line":100,"column":47}}],"line":100},"3":{"loc":{"start":{"line":117,"column":6},"end":{"line":119,"column":7}},"type":"if","locations":[{"start":{"line":117,"column":6},"end":{"line":119,"column":7}},{"start":{},"end":{}}],"line":117}},"s":{"0":6,"1":2,"2":2,"3":2,"4":0,"5":3,"6":3,"7":3,"8":3,"9":0,"10":3,"11":3,"12":3,"13":2,"14":2,"15":0,"16":0,"17":2,"18":1,"19":3,"20":3,"21":2,"22":0,"23":0,"24":3,"25":0,"26":0,"27":0,"28":0,"29":0,"30":0,"31":0,"32":0,"33":0,"34":0,"35":0,"36":0,"37":0,"38":0,"39":0,"40":0,"41":0,"42":0,"43":6},"f":{"0":2,"1":3,"2":3,"3":3,"4":0,"5":0},"b":{"0":[0,2],"1":[0,0],"2":[0,0],"3":[0,0]},"_coverageSchema":"1a1c01bbd47fc00a2c39e90264f33305004495a9","hash":"d3796f33a440dff6b2e9751a5497aeec8962ad58"}
,"/Users/rahmadamri/Desktop/hacktiv8/phase2/IP-RahmadAmri/server/helpers/bcrypt.js": {"path":"/Users/rahmadamri/Desktop/hacktiv8/phase2/IP-RahmadAmri/server/helpers/bcrypt.js","statementMap":{"0":{"start":{"line":1,"column":15},"end":{"line":1,"column":34}},"1":{"start":{"line":4,"column":15},"end":{"line":4,"column":37}},"2":{"start":{"line":5,"column":15},"end":{"line":5,"column":51}},"3":{"start":{"line":7,"column":2},"end":{"line":7,"column":14}},"4":{"start":{"line":11,"column":2},"end":{"line":11,"column":57}},"5":{"start":{"line":14,"column":0},"end":{"line":17,"column":2}}},"fnMap":{"0":{"name":"generatePassword","decl":{"start":{"line":3,"column":9},"end":{"line":3,"column":25}},"loc":{"start":{"line":3,"column":41},"end":{"line":8,"column":1}},"line":3},"1":{"name":"comparePassword","decl":{"start":{"line":10,"column":9},"end":{"line":10,"column":24}},"loc":{"start":{"line":10,"column":54},"end":{"line":12,"column":1}},"line":10}},"branchMap":{},"s":{"0":7,"1":18,"2":18,"3":18,"4":5,"5":7},"f":{"0":18,"1":5},"b":{},"_coverageSchema":"1a1c01bbd47fc00a2c39e90264f33305004495a9","hash":"2fc07d0f8a9935296829ef59465f965d47f5e74a"}
,"/Users/rahmadamri/Desktop/hacktiv8/phase2/IP-RahmadAmri/server/helpers/gemini.api.js": {"path":"/Users/rahmadamri/Desktop/hacktiv8/phase2/IP-RahmadAmri/server/helpers/gemini.api.js","statementMap":{"0":{"start":{"line":1,"column":30},"end":{"line":1,"column":54}},"1":{"start":{"line":3,"column":29},"end":{"line":3,"column":70}},"2":{"start":{"line":5,"column":11},"end":{"line":5,"column":60}},"3":{"start":{"line":8,"column":2},"end":{"line":39,"column":3}},"4":{"start":{"line":9,"column":21},"end":{"line":30,"column":6}},"5":{"start":{"line":31,"column":4},"end":{"line":31,"column":25}},"6":{"start":{"line":33,"column":4},"end":{"line":33,"column":54}},"7":{"start":{"line":35,"column":4},"end":{"line":37,"column":5}},"8":{"start":{"line":36,"column":6},"end":{"line":36,"column":70}},"9":{"start":{"line":38,"column":4},"end":{"line":38,"column":16}},"10":{"start":{"line":41,"column":0},"end":{"line":43,"column":2}}},"fnMap":{"0":{"name":"generateContent","decl":{"start":{"line":7,"column":15},"end":{"line":7,"column":30}},"loc":{"start":{"line":7,"column":39},"end":{"line":40,"column":1}},"line":7}},"branchMap":{"0":{"loc":{"start":{"line":35,"column":4},"end":{"line":37,"column":5}},"type":"if","locations":[{"start":{"line":35,"column":4},"end":{"line":37,"column":5}},{"start":{},"end":{}}],"line":35},"1":{"loc":{"start":{"line":35,"column":8},"end":{"line":35,"column":55}},"type":"binary-expr","locations":[{"start":{"line":35,"column":8},"end":{"line":35,"column":22}},{"start":{"line":35,"column":26},"end":{"line":35,"column":55}}],"line":35}},"s":{"0":7,"1":7,"2":7,"3":5,"4":5,"5":2,"6":3,"7":3,"8":1,"9":2,"10":7},"f":{"0":5},"b":{"0":[1,2],"1":[3,1]},"_coverageSchema":"1a1c01bbd47fc00a2c39e90264f33305004495a9","hash":"9ce8f1f51c1b45304dde1e04e330a9edda0efa85"}
,"/Users/rahmadamri/Desktop/hacktiv8/phase2/IP-RahmadAmri/server/helpers/jwt.js": {"path":"/Users/rahmadamri/Desktop/hacktiv8/phase2/IP-RahmadAmri/server/helpers/jwt.js","statementMap":{"0":{"start":{"line":1,"column":12},"end":{"line":1,"column":35}},"1":{"start":{"line":3,"column":0},"end":{"line":14,"column":2}},"2":{"start":{"line":5,"column":4},"end":{"line":5,"column":35}},"3":{"start":{"line":7,"column":16},"end":{"line":7,"column":57}},"4":{"start":{"line":9,"column":4},"end":{"line":9,"column":17}},"5":{"start":{"line":12,"column":4},"end":{"line":12,"column":53}}},"fnMap":{"0":{"name":"(anonymous_0)","decl":{"start":{"line":4,"column":17},"end":{"line":4,"column":18}},"loc":{"start":{"line":4,"column":30},"end":{"line":10,"column":3}},"line":4},"1":{"name":"(anonymous_1)","decl":{"start":{"line":11,"column":15},"end":{"line":11,"column":16}},"loc":{"start":{"line":11,"column":26},"end":{"line":13,"column":3}},"line":11}},"branchMap":{},"s":{"0":7,"1":7,"2":10,"3":10,"4":9,"5":4},"f":{"0":10,"1":4},"b":{},"_coverageSchema":"1a1c01bbd47fc00a2c39e90264f33305004495a9","hash":"a68585db082c6e818748543249cd6fe41bb7c1b1"}
,"/Users/rahmadamri/Desktop/hacktiv8/phase2/IP-RahmadAmri/server/middlewares/auth.js": {"path":"/Users/rahmadamri/Desktop/hacktiv8/phase2/IP-RahmadAmri/server/middlewares/auth.js","statementMap":{"0":{"start":{"line":1,"column":24},"end":{"line":1,"column":49}},"1":{"start":{"line":2,"column":17},"end":{"line":2,"column":37}},"2":{"start":{"line":5,"column":2},"end":{"line":25,"column":3}},"3":{"start":{"line":6,"column":22},"end":{"line":6,"column":47}},"4":{"start":{"line":7,"column":4},"end":{"line":9,"column":5}},"5":{"start":{"line":8,"column":6},"end":{"line":8,"column":37}},"6":{"start":{"line":10,"column":26},"end":{"line":10,"column":46}},"7":{"start":{"line":11,"column":4},"end":{"line":13,"column":5}},"8":{"start":{"line":12,"column":6},"end":{"line":12,"column":37}},"9":{"start":{"line":14,"column":17},"end":{"line":14,"column":35}},"10":{"start":{"line":15,"column":17},"end":{"line":15,"column":45}},"11":{"start":{"line":16,"column":4},"end":{"line":18,"column":5}},"12":{"start":{"line":17,"column":6},"end":{"line":17,"column":42}},"13":{"start":{"line":19,"column":4},"end":{"line":19,"column":20}},"14":{"start":{"line":20,"column":4},"end":{"line":20,"column":48}},"15":{"start":{"line":21,"column":4},"end":{"line":21,"column":11}},"16":{"start":{"line":23,"column":4},"end":{"line":23,"column":42}},"17":{"start":{"line":24,"column":4},"end":{"line":24,"column":16}},"18":{"start":{"line":28,"column":0},"end":{"line":28,"column":32}}},"fnMap":{"0":{"name":"authentication","decl":{"start":{"line":4,"column":15},"end":{"line":4,"column":29}},"loc":{"start":{"line":4,"column":47},"end":{"line":26,"column":1}},"line":4}},"branchMap":{"0":{"loc":{"start":{"line":7,"column":4},"end":{"line":9,"column":5}},"type":"if","locations":[{"start":{"line":7,"column":4},"end":{"line":9,"column":5}},{"start":{},"end":{}}],"line":7},"1":{"loc":{"start":{"line":11,"column":4},"end":{"line":13,"column":5}},"type":"if","locations":[{"start":{"line":11,"column":4},"end":{"line":13,"column":5}},{"start":{},"end":{}}],"line":11},"2":{"loc":{"start":{"line":16,"column":4},"end":{"line":18,"column":5}},"type":"if","locations":[{"start":{"line":16,"column":4},"end":{"line":18,"column":5}},{"start":{},"end":{}}],"line":16}},"s":{"0":6,"1":6,"2":9,"3":9,"4":9,"5":6,"6":3,"7":3,"8":0,"9":3,"10":2,"11":2,"12":0,"13":2,"14":2,"15":2,"16":7,"17":7,"18":6},"f":{"0":9},"b":{"0":[6,3],"1":[0,3],"2":[0,2]},"_coverageSchema":"1a1c01bbd47fc00a2c39e90264f33305004495a9","hash":"33e32ce2380c0dc6738240ba9a24bb59f65d6de4"}
,"/Users/rahmadamri/Desktop/hacktiv8/phase2/IP-RahmadAmri/server/models/back.js": {"path":"/Users/rahmadamri/Desktop/hacktiv8/phase2/IP-RahmadAmri/server/models/back.js","statementMap":{"0":{"start":{"line":2,"column":18},"end":{"line":2,"column":38}},"1":{"start":{"line":3,"column":0},"end":{"line":36,"column":2}},"2":{"start":{"line":12,"column":6},"end":{"line":16,"column":9}},"3":{"start":{"line":19,"column":2},"end":{"line":34,"column":4}},"4":{"start":{"line":35,"column":2},"end":{"line":35,"column":14}}},"fnMap":{"0":{"name":"(anonymous_0)","decl":{"start":{"line":3,"column":17},"end":{"line":3,"column":18}},"loc":{"start":{"line":3,"column":43},"end":{"line":36,"column":1}},"line":3},"1":{"name":"(anonymous_1)","decl":{"start":{"line":10,"column":4},"end":{"line":10,"column":5}},"loc":{"start":{"line":10,"column":29},"end":{"line":17,"column":5}},"line":10}},"branchMap":{},"s":{"0":6,"1":6,"2":6,"3":6,"4":6},"f":{"0":6,"1":6},"b":{},"_coverageSchema":"1a1c01bbd47fc00a2c39e90264f33305004495a9","hash":"061161032d98a5cb0a7db5176514f26ded424cbd"}
,"/Users/rahmadamri/Desktop/hacktiv8/phase2/IP-RahmadAmri/server/models/index.js": {"path":"/Users/rahmadamri/Desktop/hacktiv8/phase2/IP-RahmadAmri/server/models/index.js","statementMap":{"0":{"start":{"line":3,"column":11},"end":{"line":3,"column":24}},"1":{"start":{"line":4,"column":13},"end":{"line":4,"column":28}},"2":{"start":{"line":5,"column":18},"end":{"line":5,"column":38}},"3":{"start":{"line":6,"column":16},"end":{"line":6,"column":34}},"4":{"start":{"line":7,"column":17},"end":{"line":7,"column":42}},"5":{"start":{"line":8,"column":12},"end":{"line":8,"column":49}},"6":{"start":{"line":9,"column":15},"end":{"line":9,"column":65}},"7":{"start":{"line":10,"column":11},"end":{"line":10,"column":13}},"8":{"start":{"line":13,"column":0},"end":{"line":22,"column":1}},"9":{"start":{"line":14,"column":2},"end":{"line":14,"column":74}},"10":{"start":{"line":16,"column":2},"end":{"line":21,"column":4}},"11":{"start":{"line":24,"column":0},"end":{"line":39,"column":5}},"12":{"start":{"line":26,"column":4},"end":{"line":31,"column":6}},"13":{"start":{"line":34,"column":18},"end":{"line":37,"column":5}},"14":{"start":{"line":38,"column":4},"end":{"line":38,"column":27}},"15":{"start":{"line":41,"column":0},"end":{"line":45,"column":3}},"16":{"start":{"line":42,"column":2},"end":{"line":44,"column":3}},"17":{"start":{"line":43,"column":4},"end":{"line":43,"column":32}},"18":{"start":{"line":47,"column":0},"end":{"line":47,"column":25}},"19":{"start":{"line":48,"column":0},"end":{"line":48,"column":25}},"20":{"start":{"line":50,"column":0},"end":{"line":50,"column":20}}},"fnMap":{"0":{"name":"(anonymous_0)","decl":{"start":{"line":25,"column":10},"end":{"line":25,"column":11}},"loc":{"start":{"line":25,"column":20},"end":{"line":32,"column":3}},"line":25},"1":{"name":"(anonymous_1)","decl":{"start":{"line":33,"column":11},"end":{"line":33,"column":12}},"loc":{"start":{"line":33,"column":21},"end":{"line":39,"column":3}},"line":33},"2":{"name":"(anonymous_2)","decl":{"start":{"line":41,"column":24},"end":{"line":41,"column":25}},"loc":{"start":{"line":41,"column":39},"end":{"line":45,"column":1}},"line":41}},"branchMap":{"0":{"loc":{"start":{"line":8,"column":12},"end":{"line":8,"column":49}},"type":"binary-expr","locations":[{"start":{"line":8,"column":12},"end":{"line":8,"column":32}},{"start":{"line":8,"column":36},"end":{"line":8,"column":49}}],"line":8},"1":{"loc":{"start":{"line":13,"column":0},"end":{"line":22,"column":1}},"type":"if","locations":[{"start":{"line":13,"column":0},"end":{"line":22,"column":1}},{"start":{"line":15,"column":7},"end":{"line":22,"column":1}}],"line":13},"2":{"loc":{"start":{"line":27,"column":6},"end":{"line":30,"column":37}},"type":"binary-expr","locations":[{"start":{"line":27,"column":6},"end":{"line":27,"column":29}},{"start":{"line":28,"column":6},"end":{"line":28,"column":23}},{"start":{"line":29,"column":6},"end":{"line":29,"column":30}},{"start":{"line":30,"column":6},"end":{"line":30,"column":37}}],"line":27},"3":{"loc":{"start":{"line":42,"column":2},"end":{"line":44,"column":3}},"type":"if","locations":[{"start":{"line":42,"column":2},"end":{"line":44,"column":3}},{"start":{},"end":{}}],"line":42}},"s":{"0":6,"1":6,"2":6,"3":6,"4":6,"5":6,"6":6,"7":6,"8":6,"9":0,"10":6,"11":6,"12":30,"13":24,"14":24,"15":6,"16":24,"17":24,"18":6,"19":6,"20":6},"f":{"0":30,"1":24,"2":24},"b":{"0":[6,0],"1":[0,6],"2":[30,30,24,24],"3":[24,0]},"_coverageSchema":"1a1c01bbd47fc00a2c39e90264f33305004495a9","hash":"b7f9b1f80a4600d6cbd68ca4aa90dccf7fed9a69"}
,"/Users/rahmadamri/Desktop/hacktiv8/phase2/IP-RahmadAmri/server/models/progressLog.js": {"path":"/Users/rahmadamri/Desktop/hacktiv8/phase2/IP-RahmadAmri/server/models/progressLog.js","statementMap":{"0":{"start":{"line":2,"column":18},"end":{"line":2,"column":38}},"1":{"start":{"line":3,"column":0},"end":{"line":35,"column":2}},"2":{"start":{"line":12,"column":6},"end":{"line":16,"column":9}},"3":{"start":{"line":19,"column":2},"end":{"line":33,"column":4}},"4":{"start":{"line":34,"column":2},"end":{"line":34,"column":21}}},"fnMap":{"0":{"name":"(anonymous_0)","decl":{"start":{"line":3,"column":17},"end":{"line":3,"column":18}},"loc":{"start":{"line":3,"column":43},"end":{"line":35,"column":1}},"line":3},"1":{"name":"(anonymous_1)","decl":{"start":{"line":10,"column":4},"end":{"line":10,"column":5}},"loc":{"start":{"line":10,"column":29},"end":{"line":17,"column":5}},"line":10}},"branchMap":{},"s":{"0":6,"1":6,"2":6,"3":6,"4":6},"f":{"0":6,"1":6},"b":{},"_coverageSchema":"1a1c01bbd47fc00a2c39e90264f33305004495a9","hash":"6b32bb82390a5c1e6ced35df9197887402accf61"}
,"/Users/rahmadamri/Desktop/hacktiv8/phase2/IP-RahmadAmri/server/models/user.js": {"path":"/Users/rahmadamri/Desktop/hacktiv8/phase2/IP-RahmadAmri/server/models/user.js","statementMap":{"0":{"start":{"line":2,"column":18},"end":{"line":2,"column":38}},"1":{"start":{"line":3,"column":0},"end":{"line":36,"column":2}},"2":{"start":{"line":12,"column":6},"end":{"line":16,"column":9}},"3":{"start":{"line":17,"column":6},"end":{"line":21,"column":9}},"4":{"start":{"line":24,"column":2},"end":{"line":34,"column":4}},"5":{"start":{"line":35,"column":2},"end":{"line":35,"column":14}}},"fnMap":{"0":{"name":"(anonymous_0)","decl":{"start":{"line":3,"column":17},"end":{"line":3,"column":18}},"loc":{"start":{"line":3,"column":43},"end":{"line":36,"column":1}},"line":3},"1":{"name":"(anonymous_1)","decl":{"start":{"line":10,"column":4},"end":{"line":10,"column":5}},"loc":{"start":{"line":10,"column":29},"end":{"line":22,"column":5}},"line":10}},"branchMap":{},"s":{"0":6,"1":6,"2":6,"3":6,"4":6,"5":6},"f":{"0":6,"1":6},"b":{},"_coverageSchema":"1a1c01bbd47fc00a2c39e90264f33305004495a9","hash":"9a888cc50f7dba26d89975913cf57a6f766afab1"}
,"/Users/rahmadamri/Desktop/hacktiv8/phase2/IP-RahmadAmri/server/models/userpreference.js": {"path":"/Users/rahmadamri/Desktop/hacktiv8/phase2/IP-RahmadAmri/server/models/userpreference.js","statementMap":{"0":{"start":{"line":2,"column":18},"end":{"line":2,"column":38}},"1":{"start":{"line":3,"column":0},"end":{"line":31,"column":2}},"2":{"start":{"line":12,"column":6},"end":{"line":16,"column":9}},"3":{"start":{"line":19,"column":2},"end":{"line":29,"column":4}},"4":{"start":{"line":30,"column":2},"end":{"line":30,"column":24}}},"fnMap":{"0":{"name":"(anonymous_0)","decl":{"start":{"line":3,"column":17},"end":{"line":3,"column":18}},"loc":{"start":{"line":3,"column":43},"end":{"line":31,"column":1}},"line":3},"1":{"name":"(anonymous_1)","decl":{"start":{"line":10,"column":4},"end":{"line":10,"column":5}},"loc":{"start":{"line":10,"column":29},"end":{"line":17,"column":5}},"line":10}},"branchMap":{},"s":{"0":6,"1":6,"2":6,"3":6,"4":6},"f":{"0":6,"1":6},"b":{},"_coverageSchema":"1a1c01bbd47fc00a2c39e90264f33305004495a9","hash":"acb1ee4f0c017aa4648fe8b7ef10085fa6bb5598"}
,"/Users/rahmadamri/Desktop/hacktiv8/phase2/IP-RahmadAmri/server/routers/login.js": {"path":"/Users/rahmadamri/Desktop/hacktiv8/phase2/IP-RahmadAmri/server/routers/login.js","statementMap":{"0":{"start":{"line":1,"column":16},"end":{"line":1,"column":34}},"1":{"start":{"line":2,"column":14},"end":{"line":2,"column":30}},"2":{"start":{"line":3,"column":23},"end":{"line":3,"column":63}},"3":{"start":{"line":5,"column":0},"end":{"line":5,"column":38}},"4":{"start":{"line":7,"column":0},"end":{"line":7,"column":23}}},"fnMap":{},"branchMap":{},"s":{"0":6,"1":6,"2":6,"3":6,"4":6},"f":{},"b":{},"_coverageSchema":"1a1c01bbd47fc00a2c39e90264f33305004495a9","hash":"cfa08c7a371b17f8311834b83cae46f57872254f"}
,"/Users/rahmadamri/Desktop/hacktiv8/phase2/IP-RahmadAmri/server/routers/register.js": {"path":"/Users/rahmadamri/Desktop/hacktiv8/phase2/IP-RahmadAmri/server/routers/register.js","statementMap":{"0":{"start":{"line":1,"column":16},"end":{"line":1,"column":34}},"1":{"start":{"line":2,"column":17},"end":{"line":2,"column":33}},"2":{"start":{"line":3,"column":23},"end":{"line":3,"column":63}},"3":{"start":{"line":5,"column":0},"end":{"line":5,"column":44}},"4":{"start":{"line":7,"column":0},"end":{"line":7,"column":26}}},"fnMap":{},"branchMap":{},"s":{"0":6,"1":6,"2":6,"3":6,"4":6},"f":{},"b":{},"_coverageSchema":"1a1c01bbd47fc00a2c39e90264f33305004495a9","hash":"8af7ca28a8c5f9aaf29547c26637e24ccdf0d157"}
,"/Users/rahmadamri/Desktop/hacktiv8/phase2/IP-RahmadAmri/server/routes/api.js": {"path":"/Users/rahmadamri/Desktop/hacktiv8/phase2/IP-RahmadAmri/server/routes/api.js","statementMap":{"0":{"start":{"line":1,"column":16},"end":{"line":1,"column":34}},"1":{"start":{"line":2,"column":15},"end":{"line":2,"column":31}},"2":{"start":{"line":3,"column":14},"end":{"line":3,"column":30}},"3":{"start":{"line":5,"column":0},"end":{"line":21,"column":3}},"4":{"start":{"line":6,"column":2},"end":{"line":20,"column":3}},"5":{"start":{"line":7,"column":21},"end":{"line":16,"column":5}},"6":{"start":{"line":17,"column":4},"end":{"line":17,"column":19}},"7":{"start":{"line":19,"column":4},"end":{"line":19,"column":16}},"8":{"start":{"line":23,"column":0},"end":{"line":23,"column":24}}},"fnMap":{"0":{"name":"(anonymous_0)","decl":{"start":{"line":5,"column":30},"end":{"line":5,"column":31}},"loc":{"start":{"line":5,"column":56},"end":{"line":21,"column":1}},"line":5}},"branchMap":{},"s":{"0":6,"1":6,"2":6,"3":6,"4":7,"5":7,"6":2,"7":5,"8":6},"f":{"0":7},"b":{},"_coverageSchema":"1a1c01bbd47fc00a2c39e90264f33305004495a9","hash":"ec220f96944579e912ed54e058656f95399c98ce"}
}
