TN:
SF:app.js
FN:36,buildPrompt
FN:46,(anonymous_1)
FN:55,(anonymous_2)
FN:78,(anonymous_3)
FNF:4
FNH:3
FNDA:1,buildPrompt
FNDA:0,(anonymous_1)
FNDA:1,(anonymous_2)
FNDA:6,(anonymous_3)
DA:1,6
DA:2,6
DA:4,6
DA:5,6
DA:6,6
DA:7,6
DA:8,6
DA:9,6
DA:10,6
DA:11,6
DA:12,6
DA:13,6
DA:14,6
DA:21,6
DA:22,6
DA:23,6
DA:24,6
DA:26,6
DA:27,6
DA:28,6
DA:29,6
DA:30,6
DA:31,6
DA:33,6
DA:34,6
DA:37,1
DA:40,1
DA:46,0
DA:55,6
DA:56,1
DA:57,1
DA:59,1
DA:61,1
DA:63,1
DA:65,1
DA:71,1
DA:78,6
DA:79,6
DA:82,6
LF:39
LH:38
BRDA:1,0,0,6
BRDA:1,0,1,0
BRDA:6,1,0,6
BRDA:6,1,1,6
BRF:4
BRH:3
end_of_record
TN:
SF:controllers/authController.js
FN:10,(anonymous_0)
FN:28,(anonymous_1)
FN:88,(anonymous_2)
FNF:3
FNH:3
FNDA:5,(anonymous_0)
FNDA:11,(anonymous_1)
FNDA:8,(anonymous_2)
DA:1,6
DA:2,6
DA:3,6
DA:4,6
DA:5,6
DA:7,6
DA:9,6
DA:11,5
DA:12,5
DA:14,5
DA:19,4
DA:24,1
DA:29,11
DA:30,11
DA:32,11
DA:33,2
DA:39,9
DA:40,2
DA:46,7
DA:51,6
DA:53,6
DA:54,3
DA:60,3
DA:62,3
DA:63,1
DA:69,2
DA:75,2
DA:77,2
DA:84,9
DA:89,8
DA:90,8
DA:92,8
DA:93,2
DA:98,6
DA:99,6
DA:108,4
DA:110,4
DA:121,3
DA:127,3
DA:134,3
DA:135,3
DA:140,0
DA:141,0
LF:43
LH:41
BRDA:32,0,0,2
BRDA:32,0,1,9
BRDA:39,1,0,2
BRDA:39,1,1,7
BRDA:53,2,0,3
BRDA:53,2,1,3
BRDA:62,3,0,1
BRDA:62,3,1,2
BRDA:92,4,0,2
BRDA:92,4,1,6
BRDA:113,5,0,4
BRDA:113,5,1,0
BRF:12
BRH:11
end_of_record
TN:
SF:controllers/controller.js
FN:4,(anonymous_0)
FN:22,(anonymous_1)
FN:34,(anonymous_2)
FN:59,(anonymous_3)
FN:90,(anonymous_4)
FN:110,(anonymous_5)
FNF:6
FNH:4
FNDA:2,(anonymous_0)
FNDA:3,(anonymous_1)
FNDA:3,(anonymous_2)
FNDA:3,(anonymous_3)
FNDA:0,(anonymous_4)
FNDA:0,(anonymous_5)
DA:1,6
DA:5,2
DA:6,2
DA:16,2
DA:18,0
DA:23,3
DA:24,3
DA:25,3
DA:29,3
DA:31,0
DA:35,3
DA:36,3
DA:37,3
DA:39,2
DA:44,2
DA:45,0
DA:48,0
DA:53,2
DA:56,1
DA:60,3
DA:62,3
DA:63,2
DA:72,0
DA:82,0
DA:87,3
DA:91,0
DA:92,0
DA:93,0
DA:96,0
DA:97,0
DA:98,0
DA:104,0
DA:107,0
DA:111,0
DA:112,0
DA:113,0
DA:115,0
DA:117,0
DA:118,0
DA:121,0
DA:130,0
DA:137,0
DA:142,0
DA:147,6
LF:44
LH:20
BRDA:44,0,0,0
BRDA:44,0,1,2
BRDA:97,1,0,0
BRDA:97,1,1,0
BRDA:100,2,0,0
BRDA:100,2,1,0
BRDA:117,3,0,0
BRDA:117,3,1,0
BRF:8
BRH:1
end_of_record
TN:
SF:helpers/bcrypt.js
FN:3,generatePassword
FN:10,comparePassword
FNF:2
FNH:2
FNDA:18,generatePassword
FNDA:5,comparePassword
DA:1,7
DA:4,18
DA:5,18
DA:7,18
DA:11,5
DA:14,7
LF:6
LH:6
BRF:0
BRH:0
end_of_record
TN:
SF:helpers/gemini.api.js
FN:7,generateContent
FNF:1
FNH:1
FNDA:5,generateContent
DA:1,7
DA:3,7
DA:5,7
DA:8,5
DA:9,5
DA:31,2
DA:33,3
DA:35,3
DA:36,1
DA:38,2
DA:41,7
LF:11
LH:11
BRDA:35,0,0,1
BRDA:35,0,1,2
BRDA:35,1,0,3
BRDA:35,1,1,1
BRF:4
BRH:4
end_of_record
TN:
SF:helpers/jwt.js
FN:4,(anonymous_0)
FN:11,(anonymous_1)
FNF:2
FNH:2
FNDA:10,(anonymous_0)
FNDA:4,(anonymous_1)
DA:1,7
DA:3,7
DA:5,10
DA:7,10
DA:9,9
DA:12,4
LF:6
LH:6
BRF:0
BRH:0
end_of_record
TN:
SF:middlewares/auth.js
FN:4,authentication
FNF:1
FNH:1
FNDA:9,authentication
DA:1,6
DA:2,6
DA:5,9
DA:6,9
DA:7,9
DA:8,6
DA:10,3
DA:11,3
DA:12,0
DA:14,3
DA:15,2
DA:16,2
DA:17,0
DA:19,2
DA:20,2
DA:21,2
DA:23,7
DA:24,7
DA:28,6
LF:19
LH:17
BRDA:7,0,0,6
BRDA:7,0,1,3
BRDA:11,1,0,0
BRDA:11,1,1,3
BRDA:16,2,0,0
BRDA:16,2,1,2
BRF:6
BRH:4
end_of_record
TN:
SF:models/back.js
FN:3,(anonymous_0)
FN:10,(anonymous_1)
FNF:2
FNH:2
FNDA:6,(anonymous_0)
FNDA:6,(anonymous_1)
DA:2,6
DA:3,6
DA:12,6
DA:19,6
DA:35,6
LF:5
LH:5
BRF:0
BRH:0
end_of_record
TN:
SF:models/index.js
FN:25,(anonymous_0)
FN:33,(anonymous_1)
FN:41,(anonymous_2)
FNF:3
FNH:3
FNDA:30,(anonymous_0)
FNDA:24,(anonymous_1)
FNDA:24,(anonymous_2)
DA:3,6
DA:4,6
DA:5,6
DA:6,6
DA:7,6
DA:8,6
DA:9,6
DA:10,6
DA:13,6
DA:14,0
DA:16,6
DA:24,6
DA:26,30
DA:34,24
DA:38,24
DA:41,6
DA:42,24
DA:43,24
DA:47,6
DA:48,6
DA:50,6
LF:21
LH:20
BRDA:8,0,0,6
BRDA:8,0,1,0
BRDA:13,1,0,0
BRDA:13,1,1,6
BRDA:27,2,0,30
BRDA:27,2,1,30
BRDA:27,2,2,24
BRDA:27,2,3,24
BRDA:42,3,0,24
BRDA:42,3,1,0
BRF:10
BRH:7
end_of_record
TN:
SF:models/progressLog.js
FN:3,(anonymous_0)
FN:10,(anonymous_1)
FNF:2
FNH:2
FNDA:6,(anonymous_0)
FNDA:6,(anonymous_1)
DA:2,6
DA:3,6
DA:12,6
DA:19,6
DA:34,6
LF:5
LH:5
BRF:0
BRH:0
end_of_record
TN:
SF:models/user.js
FN:3,(anonymous_0)
FN:10,(anonymous_1)
FNF:2
FNH:2
FNDA:6,(anonymous_0)
FNDA:6,(anonymous_1)
DA:2,6
DA:3,6
DA:12,6
DA:17,6
DA:24,6
DA:35,6
LF:6
LH:6
BRF:0
BRH:0
end_of_record
TN:
SF:models/userpreference.js
FN:3,(anonymous_0)
FN:10,(anonymous_1)
FNF:2
FNH:2
FNDA:6,(anonymous_0)
FNDA:6,(anonymous_1)
DA:2,6
DA:3,6
DA:12,6
DA:19,6
DA:30,6
LF:5
LH:5
BRF:0
BRH:0
end_of_record
TN:
SF:routers/login.js
FNF:0
FNH:0
DA:1,6
DA:2,6
DA:3,6
DA:5,6
DA:7,6
LF:5
LH:5
BRF:0
BRH:0
end_of_record
TN:
SF:routers/register.js
FNF:0
FNH:0
DA:1,6
DA:2,6
DA:3,6
DA:5,6
DA:7,6
LF:5
LH:5
BRF:0
BRH:0
end_of_record
TN:
SF:routes/api.js
FN:5,(anonymous_0)
FNF:1
FNH:1
FNDA:7,(anonymous_0)
DA:1,6
DA:2,6
DA:3,6
DA:5,6
DA:6,7
DA:7,7
DA:17,2
DA:19,5
DA:23,6
LF:9
LH:9
BRF:0
BRH:0
end_of_record
