TN:
SF:app.js
FN:34,(anonymous_0)
FN:75,buildPrompt
FN:85,(anonymous_2)
FN:94,(anonymous_3)
FNF:4
FNH:1
FNDA:0,(anonymous_0)
FNDA:0,buildPrompt
FNDA:0,(anonymous_2)
FNDA:6,(anonymous_3)
DA:1,6
DA:2,6
DA:3,6
DA:4,6
DA:5,6
DA:6,6
DA:7,6
DA:8,6
DA:9,6
DA:11,6
DA:12,6
DA:13,6
DA:21,6
DA:22,6
DA:23,6
DA:26,6
DA:27,6
DA:28,6
DA:29,6
DA:30,6
DA:31,6
DA:32,6
DA:33,6
DA:34,6
DA:35,0
DA:36,0
DA:38,0
DA:39,0
DA:41,0
DA:42,0
DA:43,0
DA:45,0
DA:49,0
DA:55,0
DA:60,6
DA:63,6
DA:64,6
DA:66,6
DA:76,0
DA:79,0
DA:85,0
DA:94,6
DA:95,6
DA:98,6
LF:44
LH:31
BRF:0
BRH:0
end_of_record
TN:
SF:controllers/authController.js
FN:10,(anonymous_0)
FN:26,(anonymous_1)
FN:84,(anonymous_2)
FNF:3
FNH:3
FNDA:5,(anonymous_0)
FNDA:11,(anonymous_1)
FNDA:8,(anonymous_2)
DA:1,6
DA:2,6
DA:3,6
DA:4,6
DA:5,6
DA:7,6
DA:9,6
DA:11,5
DA:12,5
DA:17,4
DA:22,1
DA:27,11
DA:28,11
DA:30,11
DA:31,2
DA:37,9
DA:38,2
DA:44,7
DA:50,6
DA:51,3
DA:57,3
DA:59,3
DA:60,1
DA:66,2
DA:71,2
DA:73,2
DA:80,9
DA:85,8
DA:86,8
DA:88,8
DA:89,2
DA:94,6
DA:96,6
DA:105,4
DA:107,4
DA:118,3
DA:124,3
DA:131,3
DA:132,3
DA:137,0
DA:138,0
LF:41
LH:39
BRDA:30,0,0,2
BRDA:30,0,1,9
BRDA:37,1,0,2
BRDA:37,1,1,7
BRDA:50,2,0,3
BRDA:50,2,1,3
BRDA:59,3,0,1
BRDA:59,3,1,2
BRDA:88,4,0,2
BRDA:88,4,1,6
BRDA:110,5,0,4
BRDA:110,5,1,0
BRF:12
BRH:11
end_of_record
TN:
SF:controllers/controller.js
FN:4,(anonymous_0)
FN:22,(anonymous_1)
FN:34,(anonymous_2)
FN:59,(anonymous_3)
FN:90,(anonymous_4)
FN:110,(anonymous_5)
FNF:6
FNH:1
FNDA:1,(anonymous_0)
FNDA:0,(anonymous_1)
FNDA:0,(anonymous_2)
FNDA:0,(anonymous_3)
FNDA:0,(anonymous_4)
FNDA:0,(anonymous_5)
DA:1,6
DA:5,1
DA:6,1
DA:16,1
DA:18,0
DA:23,0
DA:24,0
DA:25,0
DA:29,0
DA:31,0
DA:35,0
DA:36,0
DA:37,0
DA:39,0
DA:44,0
DA:45,0
DA:48,0
DA:53,0
DA:56,0
DA:60,0
DA:62,0
DA:63,0
DA:72,0
DA:82,0
DA:87,0
DA:91,0
DA:92,0
DA:93,0
DA:96,0
DA:97,0
DA:98,0
DA:104,0
DA:107,0
DA:111,0
DA:112,0
DA:113,0
DA:115,0
DA:117,0
DA:118,0
DA:121,0
DA:130,0
DA:137,0
DA:142,0
DA:147,6
LF:44
LH:5
BRDA:44,0,0,0
BRDA:44,0,1,0
BRDA:97,1,0,0
BRDA:97,1,1,0
BRDA:100,2,0,0
BRDA:100,2,1,0
BRDA:117,3,0,0
BRDA:117,3,1,0
BRF:8
BRH:0
end_of_record
TN:
SF:helpers/bcrypt.js
FN:3,generatePassword
FN:10,comparePassword
FNF:2
FNH:2
FNDA:18,generatePassword
FNDA:5,comparePassword
DA:1,7
DA:4,18
DA:5,18
DA:7,18
DA:11,5
DA:14,7
LF:6
LH:6
BRF:0
BRH:0
end_of_record
TN:
SF:helpers/gemini.api.js
FN:7,generateContent
FNF:1
FNH:1
FNDA:4,generateContent
DA:1,7
DA:3,7
DA:5,7
DA:8,4
DA:9,4
DA:31,1
DA:33,3
DA:35,3
DA:36,1
DA:38,2
DA:41,7
LF:11
LH:11
BRDA:35,0,0,1
BRDA:35,0,1,2
BRDA:35,1,0,3
BRDA:35,1,1,1
BRF:4
BRH:4
end_of_record
TN:
SF:helpers/jwt.js
FN:4,(anonymous_0)
FN:8,(anonymous_1)
FNF:2
FNH:2
FNDA:10,(anonymous_0)
FNDA:12,(anonymous_1)
DA:1,7
DA:3,7
DA:5,10
DA:6,10
DA:9,12
LF:5
LH:5
BRF:0
BRH:0
end_of_record
TN:
SF:middlewares/auth.js
FN:4,authentication
FNF:1
FNH:1
FNDA:18,authentication
DA:1,6
DA:2,6
DA:5,18
DA:6,18
DA:7,18
DA:8,8
DA:10,10
DA:11,10
DA:12,0
DA:14,10
DA:15,8
DA:16,8
DA:17,5
DA:19,3
DA:20,3
DA:21,3
DA:23,15
DA:24,15
DA:28,6
LF:19
LH:18
BRDA:7,0,0,8
BRDA:7,0,1,10
BRDA:11,1,0,0
BRDA:11,1,1,10
BRDA:16,2,0,5
BRDA:16,2,1,3
BRF:6
BRH:5
end_of_record
TN:
SF:middlewares/errorHandler.js
FN:1,(anonymous_0)
FNF:1
FNH:1
FNDA:27,(anonymous_0)
DA:1,6
DA:2,27
DA:4,27
DA:5,15
DA:6,12
DA:10,0
DA:11,12
DA:12,7
DA:13,5
DA:14,1
DA:15,4
DA:16,0
DA:18,4
DA:22,6
LF:14
LH:12
BRDA:4,0,0,15
BRDA:4,0,1,12
BRDA:4,1,0,27
BRDA:4,1,1,19
BRDA:6,2,0,0
BRDA:6,2,1,12
BRDA:7,3,0,12
BRDA:7,3,1,12
BRDA:11,4,0,7
BRDA:11,4,1,5
BRDA:13,5,0,1
BRDA:13,5,1,4
BRDA:15,6,0,0
BRDA:15,6,1,4
BRF:14
BRH:12
end_of_record
TN:
SF:models/back.js
FN:3,(anonymous_0)
FN:10,(anonymous_1)
FNF:2
FNH:2
FNDA:6,(anonymous_0)
FNDA:6,(anonymous_1)
DA:2,6
DA:3,6
DA:12,6
DA:19,6
DA:35,6
LF:5
LH:5
BRF:0
BRH:0
end_of_record
TN:
SF:models/index.js
FN:21,(anonymous_0)
FN:29,(anonymous_1)
FN:34,(anonymous_2)
FNF:3
FNH:3
FNDA:30,(anonymous_0)
FNDA:24,(anonymous_1)
FNDA:24,(anonymous_2)
DA:3,6
DA:4,6
DA:5,6
DA:6,6
DA:7,6
DA:8,6
DA:9,6
DA:10,6
DA:13,6
DA:14,0
DA:16,6
DA:19,6
DA:22,30
DA:30,24
DA:31,24
DA:34,6
DA:35,24
DA:36,24
DA:40,6
DA:41,6
DA:43,6
LF:21
LH:20
BRDA:8,0,0,6
BRDA:8,0,1,0
BRDA:13,1,0,0
BRDA:13,1,1,6
BRDA:23,2,0,30
BRDA:23,2,1,30
BRDA:23,2,2,24
BRDA:23,2,3,24
BRDA:35,3,0,24
BRDA:35,3,1,0
BRF:10
BRH:7
end_of_record
TN:
SF:models/progressLog.js
FN:3,(anonymous_0)
FN:10,(anonymous_1)
FNF:2
FNH:2
FNDA:6,(anonymous_0)
FNDA:6,(anonymous_1)
DA:2,6
DA:3,6
DA:12,6
DA:19,6
DA:34,6
LF:5
LH:5
BRF:0
BRH:0
end_of_record
TN:
SF:models/user.js
FN:3,(anonymous_0)
FN:10,(anonymous_1)
FNF:2
FNH:2
FNDA:6,(anonymous_0)
FNDA:6,(anonymous_1)
DA:2,6
DA:3,6
DA:12,6
DA:17,6
DA:24,6
DA:35,6
LF:6
LH:6
BRF:0
BRH:0
end_of_record
TN:
SF:models/userpreference.js
FN:3,(anonymous_0)
FN:10,(anonymous_1)
FNF:2
FNH:2
FNDA:6,(anonymous_0)
FNDA:6,(anonymous_1)
DA:2,6
DA:3,6
DA:12,6
DA:19,6
DA:30,6
LF:5
LH:5
BRF:0
BRH:0
end_of_record
TN:
SF:routers/login.js
FNF:0
FNH:0
DA:1,6
DA:2,6
DA:3,6
DA:5,6
DA:7,6
LF:5
LH:5
BRF:0
BRH:0
end_of_record
TN:
SF:routers/register.js
FNF:0
FNH:0
DA:1,6
DA:2,6
DA:3,6
DA:5,6
DA:7,6
LF:5
LH:5
BRF:0
BRH:0
end_of_record
TN:
SF:routes/api.js
FN:5,(anonymous_0)
FNF:1
FNH:1
FNDA:2,(anonymous_0)
DA:1,6
DA:2,6
DA:3,6
DA:5,6
DA:6,2
DA:7,2
DA:17,1
DA:19,1
DA:23,6
LF:9
LH:9
BRF:0
BRH:0
end_of_record
